	Delete "$INSTDIR\plugins\validator-jar-with-dependencies.jar"
	Delete "$INSTDIR\plugins\textmining-jar-with-dependencies.jar"
	Delete "$INSTDIR\plugins\taxonomy-jar-with-dependencies.jar"
	Delete "$INSTDIR\plugins\tab-jar-with-dependencies.jar"
	Delete "$INSTDIR\plugins\sequence-jar-with-dependencies.jar"
	Delete "$INSTDIR\plugins\sbml-jar-with-dependencies.jar"
	Delete "$INSTDIR\plugins\relevance-jar-with-dependencies.jar"
	Delete "$INSTDIR\plugins\rdf-jar-with-dependencies.jar"
	Delete "$INSTDIR\plugins\psimi2ondex-jar-with-dependencies.jar"
	Delete "$INSTDIR\plugins\protein-structure-jar-with-dependencies.jar"
	Delete "$INSTDIR\plugins\prolog-jar-with-dependencies.jar"
	Delete "$INSTDIR\plugins\poplar-jar-with-dependencies.jar"
	Delete "$INSTDIR\plugins\plants-jar-with-dependencies.jar"
	Delete "$INSTDIR\plugins\phenotypes-jar-with-dependencies.jar"
	Delete "$INSTDIR\plugins\oxl-jar-with-dependencies.jar"
	Delete "$INSTDIR\plugins\ovtk2-poplar-distribution.jar"
	Delete "$INSTDIR\plugins\ovtk2-experimental-distribution.jar"
	Delete "$INSTDIR\plugins\ovtk2-default-distribution.jar"
	Delete "$INSTDIR\plugins\legacy-jar-with-dependencies.jar"
	Delete "$INSTDIR\plugins\json-jar-with-dependencies.jar"
	Delete "$INSTDIR\plugins\kegg-jar-with-dependencies.jar"
	Delete "$INSTDIR\plugins\interaction-jar-with-dependencies.jar"
	Delete "$INSTDIR\plugins\iah-jar-with-dependencies.jar"
	Delete "$INSTDIR\plugins\habitat-jar-with-dependencies.jar"
	Delete "$INSTDIR\plugins\gsk-jar-with-dependencies.jar"
	Delete "$INSTDIR\plugins\graph-query-jar-with-dependencies.jar"
	Delete "$INSTDIR\plugins\graphalgo-jar-with-dependencies.jar"
	Delete "$INSTDIR\plugins\grain-jar-with-dependencies.jar"
	Delete "$INSTDIR\plugins\go-jar-with-dependencies.jar"
	Delete "$INSTDIR\plugins\generic-jar-with-dependencies.jar"
	Delete "$INSTDIR\plugins\experimental-jar-with-dependencies.jar"
	Delete "$INSTDIR\plugins\enzymatics-jar-with-dependencies.jar"
	Delete "$INSTDIR\plugins\decypher-jar-with-dependencies.jar"
	Delete "$INSTDIR\plugins\cyc-pathwaydbs-jar-with-dependencies.jar"
	Delete "$INSTDIR\plugins\cyjs_json-jar-with-dependencies.jar"
	Delete "$INSTDIR\plugins\clustering-jar-with-dependencies.jar"
	Delete "$INSTDIR\plugins\chemical-jar-with-dependencies.jar"
	Delete "$INSTDIR\plugins\carbs-jar-with-dependencies.jar"
	Delete "$INSTDIR\plugins\blast-jar-with-dependencies.jar"
	Delete "$INSTDIR\plugins\biobase-jar-with-dependencies.jar"
	Delete "$INSTDIR\plugins\arabidopsis-jar-with-dependencies.jar"
	Delete "$INSTDIR\lib\xstream-1.3.1.jar"
	Delete "$INSTDIR\lib\xpp3_min-1.1.4c.jar"
	Delete "$INSTDIR\lib\xmlParserAPIs-2.0.2.jar"
	Delete "$INSTDIR\lib\xmlgraphics-commons-1.3.1.jar"
	Delete "$INSTDIR\lib\xml-apis-ext-1.3.04.jar"
	Delete "$INSTDIR\lib\xml-apis-1.3.04.jar"
	Delete "$INSTDIR\lib\xercesImpl-2.9.1.jar"
	Delete "$INSTDIR\lib\xalan-2.6.0.jar"
	Delete "$INSTDIR\lib\wstx-asl-3.2.9.jar"
	Delete "$INSTDIR\lib\wsdl4j-1.4.jar"
	Delete "$INSTDIR\lib\ws-commons-util-1.0.2.jar"
	Delete "$INSTDIR\lib\workflow-base-0.5.0.jar"
	Delete "$INSTDIR\lib\workflow-api-0.5.0.jar"
	Delete "$INSTDIR\lib\woodstox-core-lgpl-4.0.6.jar"
	Delete "$INSTDIR\lib\webservice-client-0.5.0.jar"
	Delete "$INSTDIR\lib\velocity-1.6.2.jar"
	Delete "$INSTDIR\lib\validator-0.5.0.jar"
	Delete "$INSTDIR\lib\tools-0.5.0.jar"
	Delete "$INSTDIR\lib\taxonomy-0.5.0.jar"
	Delete "$INSTDIR\lib\taverna-api-0.5.0.jar"
	Delete "$INSTDIR\lib\tab-tools-0.5.0.jar"
	Delete "$INSTDIR\lib\tab-0.5.0.jar"
	Delete "$INSTDIR\lib\swizzle-stream-1.6.1.jar"
	Delete "$INSTDIR\lib\swizzle-jira-1.6.1.jar"
	Delete "$INSTDIR\lib\suffix-tree-1.0.jar"
	Delete "$INSTDIR\lib\stax-api-1.0.jar"
	Delete "$INSTDIR\lib\stax-api-1.0.1.jar"
	Delete "$INSTDIR\lib\stax2-api-3.0.1.jar"
	Delete "$INSTDIR\lib\stax-1.2.0.jar"
	Delete "$INSTDIR\lib\sTASSEL-20070823.jar"
	Delete "$INSTDIR\lib\sql-0.5.0.jar"
	Delete "$INSTDIR\lib\soapgraph-0.5.0.jar"
	Delete "$INSTDIR\lib\slf4j-log4j12-1.6.0.jar"
	Delete "$INSTDIR\lib\slf4j-api-1.6.0.jar"
	Delete "$INSTDIR\lib\sjsxp-1.0.1.jar"
	Delete "$INSTDIR\lib\sisu-xmlrpc-common-1.0.0.jar"
	Delete "$INSTDIR\lib\sisu-xmlrpc-client-1.0.0.jar"
	Delete "$INSTDIR\lib\sequence-0.5.0.jar"
	Delete "$INSTDIR\lib\scripting-commandline-0.5.0.jar"
	Delete "$INSTDIR\lib\scripting-0.5.0.jar"
	Delete "$INSTDIR\lib\oxl-0.5.0.jar"
	Delete "$INSTDIR\lib\ovtk2-0.5.0.jar"
	Delete "$INSTDIR\lib\oro-2.0.8.jar"
	Delete "$INSTDIR\lib\ocutil-2.5.1.jar"
	Delete "$INSTDIR\lib\netty-3.2.3.Final.jar"
	Delete "$INSTDIR\lib\NCBIBlast-May2011.jar"
	Delete "$INSTDIR\lib\mysql-connector-java-5.1.6.jar"
	Delete "$INSTDIR\lib\memory-0.5.0.jar"
	Delete "$INSTDIR\lib\marshal-0.5.0.jar"
	Delete "$INSTDIR\lib\mail-1.4.2.jar"
	Delete "$INSTDIR\lib\lucene-core-3.6.1.jar"
	Delete "$INSTDIR\lib\lucene-0.5.0.jar"
	Delete "$INSTDIR\lib\log4j-1.2.17.jar"
	Delete "$INSTDIR\lib\launcher-0.5.0.jar"
	Delete "$INSTDIR\lib\jxl-2.6.10.jar"
	Delete "$INSTDIR\lib\jung-visualization-2.0.1.jar"
	Delete "$INSTDIR\lib\jung-jai-2.0.1.jar"
	Delete "$INSTDIR\lib\jung-graph-impl-2.0.1.jar"
	Delete "$INSTDIR\lib\jung-api-2.0.1.jar"
	Delete "$INSTDIR\lib\jung-algorithms-2.0.1.jar"
	Delete "$INSTDIR\lib\jsr311-api-1.1.jar"
	Delete "$INSTDIR\lib\jsr305-1.3.9.jar"
	Delete "$INSTDIR\lib\js-1.7R1.jar"
	Delete "$INSTDIR\lib\jh-2.0.5.jar"
	Delete "$INSTDIR\lib\jfreechart-1.0.11.jar"
	Delete "$INSTDIR\lib\jersey-bundle-1.1.2-ea.jar"
	Delete "$INSTDIR\lib\jena-2.5.7.jar"
	Delete "$INSTDIR\lib\je-4.0.71.jar"
	Delete "$INSTDIR\lib\jdom-1.1.jar"
	Delete "$INSTDIR\lib\jcommon-1.0.12.jar"
	Delete "$INSTDIR\lib\javassist-3.7.0.GA.jar"
	Delete "$INSTDIR\lib\iri-0.5.jar"
	Delete "$INSTDIR\lib\IPRScan-May2011.jar"
	Delete "$INSTDIR\lib\icu4j-3.4.4.jar"
	Delete "$INSTDIR\lib\guava-12.0.jar"
	Delete "$INSTDIR\lib\glazedlists_java15-1.8.0.jar"
	Delete "$INSTDIR\lib\generic-0.5.0.jar"
	Delete "$INSTDIR\lib\fop-0.95.jar"
	Delete "$INSTDIR\lib\epsgraphics-1.2.jar"
	Delete "$INSTDIR\lib\concurrent-jena-1.3.2.jar"
	Delete "$INSTDIR\lib\concurrent-1.3.4.jar"
	Delete "$INSTDIR\lib\commons-logging-1.1.1.jar"
	Delete "$INSTDIR\lib\commons-lang-2.4.jar"
	Delete "$INSTDIR\lib\commons-io-1.3.1.jar"
	Delete "$INSTDIR\lib\commons-discovery-0.4.jar"
	Delete "$INSTDIR\lib\commons-collections-3.2.1.jar"
	Delete "$INSTDIR\lib\commons-cli-1.2.jar"
	Delete "$INSTDIR\lib\colt-1.2.0.jar"
	Delete "$INSTDIR\lib\collections-generic-4.01.jar"
	Delete "$INSTDIR\lib\chemical-0.5.0.jar"
	Delete "$INSTDIR\lib\cdk-1.4.13.jar"
	Delete "$INSTDIR\lib\berkeley-0.5.0.jar"
	Delete "$INSTDIR\lib\batik-xml-1.7.jar"
	Delete "$INSTDIR\lib\batik-util-1.7.jar"
	Delete "$INSTDIR\lib\batik-transcoder-1.7.jar"
	Delete "$INSTDIR\lib\batik-svggen-1.7.jar"
	Delete "$INSTDIR\lib\batik-svg-dom-1.7.jar"
	Delete "$INSTDIR\lib\batik-script-1.7.jar"
	Delete "$INSTDIR\lib\batik-parser-1.7.jar"
	Delete "$INSTDIR\lib\batik-gvt-1.7.jar"
	Delete "$INSTDIR\lib\batik-extension-1.7.jar"
	Delete "$INSTDIR\lib\batik-ext-1.7.jar"
	Delete "$INSTDIR\lib\batik-dom-1.7.jar"
	Delete "$INSTDIR\lib\batik-css-1.7.jar"
	Delete "$INSTDIR\lib\batik-codec-1.7.jar"
	Delete "$INSTDIR\lib\batik-bridge-1.7.jar"
	Delete "$INSTDIR\lib\batik-awt-util-1.7.jar"
	Delete "$INSTDIR\lib\batik-anim-1.7.jar"
	Delete "$INSTDIR\lib\base-0.5.0.jar"
	Delete "$INSTDIR\lib\axis-jaxrpc-1.4.jar"
	Delete "$INSTDIR\lib\axis-1.4.jar"
	Delete "$INSTDIR\lib\avalon-framework-api-4.3.1.jar"
	Delete "$INSTDIR\lib\async-http-client-1.3.3.jar"
	Delete "$INSTDIR\lib\asm-util-3.2.jar"
	Delete "$INSTDIR\lib\asm-tree-3.2.jar"
	Delete "$INSTDIR\lib\asm-commons-3.2.jar"
	Delete "$INSTDIR\lib\asm-3.2.jar"
	Delete "$INSTDIR\lib\arq-2.8.6.jar"
	Delete "$INSTDIR\lib\api-0.5.0.jar"
	Delete "$INSTDIR\lib\antlr-2.7.5.jar"
	Delete "$INSTDIR\lib\algorithms-0.5.0.jar"
	Delete "$INSTDIR\lib\activation-1.1.jar"
	Delete "$INSTDIR\data\xml\workflow-examples\Integration_workflow.xml"
	Delete "$INSTDIR\data\query_sets\default\interactive.sqs"
	Delete "$INSTDIR\data\query_sets\default\main.sqs"
	Delete "$INSTDIR\data\query_sets\default\uri.sqs"
	Delete "$INSTDIR\data\xml\Pathways.xsd"
	Delete "$INSTDIR\data\xml\ondex_metadata.xml"
	Delete "$INSTDIR\data\xml\ondex.xsd"
	Delete "$INSTDIR\data\importdata\wordnet\README"
	Delete "$INSTDIR\data\importdata\uniprot\README"
	Delete "$INSTDIR\data\importdata\ubiquitous\ubiquitousChemicals.dic"
	Delete "$INSTDIR\data\importdata\tf\taxonomy_exceptions.txt"
	Delete "$INSTDIR\data\importdata\tf\readme"
	Delete "$INSTDIR\data\importdata\taxonomy\README"
	Delete "$INSTDIR\data\importdata\sbml\metadata.tsv"
	Delete "$INSTDIR\data\importdata\psimi\translation.tab"
	Delete "$INSTDIR\data\importdata\oxl\README"
	Delete "$INSTDIR\data\importdata\htmlaccessionlink\mappings.txt"
	Delete "$INSTDIR\data\importdata\go\README"
	Delete "$INSTDIR\data\importdata\fasta\README"
	Delete "$INSTDIR\data\importdata\ec\README"
	Delete "$INSTDIR\data\importdata\cvregex\regex.properties"
	Delete "$INSTDIR\data\importdata\brenda\exceptions.txt"
	Delete "$INSTDIR\data\importdata\biogrid\translation.tab"
	Delete "$INSTDIR\data\importdata\biocyc\translation.tab"
	Delete "$INSTDIR\data\decypher\templates\tera-tblastx_tab"
	Delete "$INSTDIR\data\decypher\templates\tera-tblastn_tab"
	Delete "$INSTDIR\data\decypher\templates\tera-blastx_tab"
	Delete "$INSTDIR\data\decypher\templates\tera-blastp_tab"
	Delete "$INSTDIR\data\decypher\templates\tera-blastn_tab"
	Delete "$INSTDIR\data\decypher\templates\sw_aa_vs_aa_tab"
	Delete "$INSTDIR\data\decypher\templates\hmmbuild"
	Delete "$INSTDIR\data\decypher\templates\hmm_nt_vs_hmm"
	Delete "$INSTDIR\data\decypher\templates\hmm_hmm_vs_nt"
	Delete "$INSTDIR\data\decypher\templates\hmm_hmm_vs_aa"
	Delete "$INSTDIR\data\decypher\templates\hmm_aa_vs_hmm"
	Delete "$INSTDIR\data\decypher\templates\format_profile"
	Delete "$INSTDIR\data\decypher\templates\format_nt_into_nt_and_aa"
	Delete "$INSTDIR\data\decypher\templates\format_nt_into_nt"
	Delete "$INSTDIR\data\decypher\templates\format_hmm"
	Delete "$INSTDIR\data\decypher\templates\format_aa_into_aa"
	Delete "$INSTDIR\data\dbs\README"
	Delete "$INSTDIR\data\blast\README"
	Delete "$INSTDIR\data\sql.cfg"
	Delete "$INSTDIR\data\ondex-hazelcast.xml"
	Delete "$INSTDIR\data\log4j.properties"
	Delete "$INSTDIR\data\config.xml"
	Delete "$INSTDIR\config\tutorial\english\user_guide_master.pdf"
	Delete "$INSTDIR\config\toolbarButtonGraphics\text\Underline24.gif"
	Delete "$INSTDIR\config\toolbarButtonGraphics\text\Underline16.gif"
	Delete "$INSTDIR\config\toolbarButtonGraphics\text\Normal24.gif"
	Delete "$INSTDIR\config\toolbarButtonGraphics\text\Normal16.gif"
	Delete "$INSTDIR\config\toolbarButtonGraphics\text\Italic24.gif"
	Delete "$INSTDIR\config\toolbarButtonGraphics\text\Italic16.gif"
	Delete "$INSTDIR\config\toolbarButtonGraphics\text\Bold24.gif"
	Delete "$INSTDIR\config\toolbarButtonGraphics\text\Bold16.gif"
	Delete "$INSTDIR\config\toolbarButtonGraphics\text\AlignRight24.gif"
	Delete "$INSTDIR\config\toolbarButtonGraphics\text\AlignRight16.gif"
	Delete "$INSTDIR\config\toolbarButtonGraphics\text\AlignLeft24.gif"
	Delete "$INSTDIR\config\toolbarButtonGraphics\text\AlignLeft16.gif"
	Delete "$INSTDIR\config\toolbarButtonGraphics\text\AlignJustify24.gif"
	Delete "$INSTDIR\config\toolbarButtonGraphics\text\AlignJustify16.gif"
	Delete "$INSTDIR\config\toolbarButtonGraphics\text\AlignCenter24.gif"
	Delete "$INSTDIR\config\toolbarButtonGraphics\text\AlignCenter16.gif"
	Delete "$INSTDIR\config\toolbarButtonGraphics\table\RowInsertBefore24.gif"
	Delete "$INSTDIR\config\toolbarButtonGraphics\table\RowInsertBefore16.gif"
	Delete "$INSTDIR\config\toolbarButtonGraphics\table\RowInsertAfter24.gif"
	Delete "$INSTDIR\config\toolbarButtonGraphics\table\RowInsertAfter16.gif"
	Delete "$INSTDIR\config\toolbarButtonGraphics\table\RowDelete24.gif"
	Delete "$INSTDIR\config\toolbarButtonGraphics\table\RowDelete16.gif"
	Delete "$INSTDIR\config\toolbarButtonGraphics\table\ColumnInsertBefore24.gif"
	Delete "$INSTDIR\config\toolbarButtonGraphics\table\ColumnInsertBefore16.gif"
	Delete "$INSTDIR\config\toolbarButtonGraphics\table\ColumnInsertAfter24.gif"
	Delete "$INSTDIR\config\toolbarButtonGraphics\table\ColumnInsertAfter16.gif"
	Delete "$INSTDIR\config\toolbarButtonGraphics\table\ColumnDelete24.gif"
	Delete "$INSTDIR\config\toolbarButtonGraphics\table\ColumnDelete16.gif"
	Delete "$INSTDIR\config\toolbarButtonGraphics\stats\arrow_back.png"
	Delete "$INSTDIR\config\toolbarButtonGraphics\stats\arrow.png"
	Delete "$INSTDIR\config\toolbarButtonGraphics\navigation\Up24.gif"
	Delete "$INSTDIR\config\toolbarButtonGraphics\navigation\Up16.gif"
	Delete "$INSTDIR\config\toolbarButtonGraphics\navigation\Home24.gif"
	Delete "$INSTDIR\config\toolbarButtonGraphics\navigation\Home16.gif"
	Delete "$INSTDIR\config\toolbarButtonGraphics\navigation\Forward24.gif"
	Delete "$INSTDIR\config\toolbarButtonGraphics\navigation\Forward16.gif"
	Delete "$INSTDIR\config\toolbarButtonGraphics\navigation\Down24.gif"
	Delete "$INSTDIR\config\toolbarButtonGraphics\navigation\Down16.gif"
	Delete "$INSTDIR\config\toolbarButtonGraphics\navigation\Back24.gif"
	Delete "$INSTDIR\config\toolbarButtonGraphics\navigation\Back16.gif"
	Delete "$INSTDIR\config\toolbarButtonGraphics\media\Volume24.gif"
	Delete "$INSTDIR\config\toolbarButtonGraphics\media\Volume16.gif"
	Delete "$INSTDIR\config\toolbarButtonGraphics\media\Stop24.gif"
	Delete "$INSTDIR\config\toolbarButtonGraphics\media\Stop16.gif"
	Delete "$INSTDIR\config\toolbarButtonGraphics\media\StepForward24.gif"
	Delete "$INSTDIR\config\toolbarButtonGraphics\media\StepForward16.gif"
	Delete "$INSTDIR\config\toolbarButtonGraphics\media\StepBack24.gif"
	Delete "$INSTDIR\config\toolbarButtonGraphics\media\StepBack16.gif"
	Delete "$INSTDIR\config\toolbarButtonGraphics\media\Rewind24.gif"
	Delete "$INSTDIR\config\toolbarButtonGraphics\media\Rewind16.gif"
	Delete "$INSTDIR\config\toolbarButtonGraphics\media\Play24.gif"
	Delete "$INSTDIR\config\toolbarButtonGraphics\media\Play16.gif"
	Delete "$INSTDIR\config\toolbarButtonGraphics\media\Pause24.gif"
	Delete "$INSTDIR\config\toolbarButtonGraphics\media\Pause16.gif"
	Delete "$INSTDIR\config\toolbarButtonGraphics\media\Movie24.gif"
	Delete "$INSTDIR\config\toolbarButtonGraphics\media\Movie16.gif"
	Delete "$INSTDIR\config\toolbarButtonGraphics\media\FastForward24.gif"
	Delete "$INSTDIR\config\toolbarButtonGraphics\media\FastForward16.gif"
	Delete "$INSTDIR\config\toolbarButtonGraphics\general\ZoomOut24.gif"
	Delete "$INSTDIR\config\toolbarButtonGraphics\general\ZoomOut16.gif"
	Delete "$INSTDIR\config\toolbarButtonGraphics\general\ZoomIn24.gif"
	Delete "$INSTDIR\config\toolbarButtonGraphics\general\ZoomIn16.gif"
	Delete "$INSTDIR\config\toolbarButtonGraphics\general\Zoom24.gif"
	Delete "$INSTDIR\config\toolbarButtonGraphics\general\Zoom16.gif"
	Delete "$INSTDIR\config\toolbarButtonGraphics\general\Undo24.gif"
	Delete "$INSTDIR\config\toolbarButtonGraphics\general\Undo16.gif"
	Delete "$INSTDIR\config\toolbarButtonGraphics\general\TipOfTheDay24.gif"
	Delete "$INSTDIR\config\toolbarButtonGraphics\general\TipOfTheDay16.gif"
	Delete "$INSTDIR\config\toolbarButtonGraphics\general\Stop24.gif"
	Delete "$INSTDIR\config\toolbarButtonGraphics\general\Stop16.gif"
	Delete "$INSTDIR\config\toolbarButtonGraphics\general\SendMail24.gif"
	Delete "$INSTDIR\config\toolbarButtonGraphics\general\SendMail16.gif"
	Delete "$INSTDIR\config\toolbarButtonGraphics\general\Search24.gif"
	Delete "$INSTDIR\config\toolbarButtonGraphics\general\Search16.gif"
	Delete "$INSTDIR\config\toolbarButtonGraphics\general\SaveAs24.gif"
	Delete "$INSTDIR\config\toolbarButtonGraphics\general\SaveAs16.gif"
	Delete "$INSTDIR\config\toolbarButtonGraphics\general\SaveAll24.gif"
	Delete "$INSTDIR\config\toolbarButtonGraphics\general\SaveAll16.gif"
	Delete "$INSTDIR\config\toolbarButtonGraphics\general\Save24.gif"
	Delete "$INSTDIR\config\toolbarButtonGraphics\general\Save16.gif"
	Delete "$INSTDIR\config\toolbarButtonGraphics\general\Replace24.gif"
	Delete "$INSTDIR\config\toolbarButtonGraphics\general\Replace16.gif"
	Delete "$INSTDIR\config\toolbarButtonGraphics\general\Remove24.gif"
	Delete "$INSTDIR\config\toolbarButtonGraphics\general\Remove16.gif"
	Delete "$INSTDIR\config\toolbarButtonGraphics\general\Refresh24.gif"
	Delete "$INSTDIR\config\toolbarButtonGraphics\general\Refresh16.gif"
	Delete "$INSTDIR\config\toolbarButtonGraphics\general\Redo24.gif"
	Delete "$INSTDIR\config\toolbarButtonGraphics\general\Redo16.gif"
	Delete "$INSTDIR\config\toolbarButtonGraphics\general\Properties24.gif"
	Delete "$INSTDIR\config\toolbarButtonGraphics\general\Properties16.gif"
	Delete "$INSTDIR\config\toolbarButtonGraphics\general\PrintPreview24.gif"
	Delete "$INSTDIR\config\toolbarButtonGraphics\general\PrintPreview16.gif"
	Delete "$INSTDIR\config\toolbarButtonGraphics\general\Print24.gif"
	Delete "$INSTDIR\config\toolbarButtonGraphics\general\Print16.gif"
	Delete "$INSTDIR\config\toolbarButtonGraphics\general\Preferences24.gif"
	Delete "$INSTDIR\config\toolbarButtonGraphics\general\Preferences16.gif"
	Delete "$INSTDIR\config\toolbarButtonGraphics\general\Paste24.gif"
	Delete "$INSTDIR\config\toolbarButtonGraphics\general\Paste16.gif"
	Delete "$INSTDIR\config\toolbarButtonGraphics\general\PageSetup24.gif"
	Delete "$INSTDIR\config\toolbarButtonGraphics\general\PageSetup16.gif"
	Delete "$INSTDIR\config\toolbarButtonGraphics\general\Open24.gif"
	Delete "$INSTDIR\config\toolbarButtonGraphics\general\Open16.gif"
	Delete "$INSTDIR\config\toolbarButtonGraphics\general\New24.gif"
	Delete "$INSTDIR\config\toolbarButtonGraphics\general\New16.gif"
	Delete "$INSTDIR\config\toolbarButtonGraphics\general\Information24.gif"
	Delete "$INSTDIR\config\toolbarButtonGraphics\general\Information16.gif"
	Delete "$INSTDIR\config\toolbarButtonGraphics\general\Import24.gif"
	Delete "$INSTDIR\config\toolbarButtonGraphics\general\Import16.gif"
	Delete "$INSTDIR\config\toolbarButtonGraphics\general\History24.gif"
	Delete "$INSTDIR\config\toolbarButtonGraphics\general\History16.gif"
	Delete "$INSTDIR\config\toolbarButtonGraphics\general\Help24.gif"
	Delete "$INSTDIR\config\toolbarButtonGraphics\general\Help16.gif"
	Delete "$INSTDIR\config\toolbarButtonGraphics\general\FindAgain24.gif"
	Delete "$INSTDIR\config\toolbarButtonGraphics\general\FindAgain16.gif"
	Delete "$INSTDIR\config\toolbarButtonGraphics\general\Find24.gif"
	Delete "$INSTDIR\config\toolbarButtonGraphics\general\Find16.gif"
	Delete "$INSTDIR\config\toolbarButtonGraphics\general\Export24.gif"
	Delete "$INSTDIR\config\toolbarButtonGraphics\general\Export16.gif"
	Delete "$INSTDIR\config\toolbarButtonGraphics\general\Edit24.gif"
	Delete "$INSTDIR\config\toolbarButtonGraphics\general\Edit16.gif"
	Delete "$INSTDIR\config\toolbarButtonGraphics\general\Delete24.gif"
	Delete "$INSTDIR\config\toolbarButtonGraphics\general\Delete16.gif"
	Delete "$INSTDIR\config\toolbarButtonGraphics\general\Cut24.gif"
	Delete "$INSTDIR\config\toolbarButtonGraphics\general\Cut16.gif"
	Delete "$INSTDIR\config\toolbarButtonGraphics\general\Copy24.gif"
	Delete "$INSTDIR\config\toolbarButtonGraphics\general\Copy16.gif"
	Delete "$INSTDIR\config\toolbarButtonGraphics\general\ContextualHelp24.gif"
	Delete "$INSTDIR\config\toolbarButtonGraphics\general\ContextualHelp16.gif"
	Delete "$INSTDIR\config\toolbarButtonGraphics\general\ComposeMail24.gif"
	Delete "$INSTDIR\config\toolbarButtonGraphics\general\ComposeMail16.gif"
	Delete "$INSTDIR\config\toolbarButtonGraphics\general\Bookmarks24.gif"
	Delete "$INSTDIR\config\toolbarButtonGraphics\general\Bookmarks16.gif"
	Delete "$INSTDIR\config\toolbarButtonGraphics\general\AlignTop24.gif"
	Delete "$INSTDIR\config\toolbarButtonGraphics\general\AlignTop16.gif"
	Delete "$INSTDIR\config\toolbarButtonGraphics\general\AlignRight24.gif"
	Delete "$INSTDIR\config\toolbarButtonGraphics\general\AlignRight16.gif"
	Delete "$INSTDIR\config\toolbarButtonGraphics\general\AlignLeft24.gif"
	Delete "$INSTDIR\config\toolbarButtonGraphics\general\AlignLeft16.gif"
	Delete "$INSTDIR\config\toolbarButtonGraphics\general\AlignJustifyVertical24.gif"
	Delete "$INSTDIR\config\toolbarButtonGraphics\general\AlignJustifyVertical16.gif"
	Delete "$INSTDIR\config\toolbarButtonGraphics\general\AlignJustifyHorizontal24.gif"
	Delete "$INSTDIR\config\toolbarButtonGraphics\general\AlignJustifyHorizontal16.gif"
	Delete "$INSTDIR\config\toolbarButtonGraphics\general\AlignCenter24.gif"
	Delete "$INSTDIR\config\toolbarButtonGraphics\general\AlignCenter16.gif"
	Delete "$INSTDIR\config\toolbarButtonGraphics\general\AlignBottom24.gif"
	Delete "$INSTDIR\config\toolbarButtonGraphics\general\AlignBottom16.gif"
	Delete "$INSTDIR\config\toolbarButtonGraphics\general\Add24.gif"
	Delete "$INSTDIR\config\toolbarButtonGraphics\general\Add16.gif"
	Delete "$INSTDIR\config\toolbarButtonGraphics\general\About24.gif"
	Delete "$INSTDIR\config\toolbarButtonGraphics\general\About16.gif"
	Delete "$INSTDIR\config\toolbarButtonGraphics\development\WebComponentAdd24.gif"
	Delete "$INSTDIR\config\toolbarButtonGraphics\development\WebComponentAdd16.gif"
	Delete "$INSTDIR\config\toolbarButtonGraphics\development\WebComponent24.gif"
	Delete "$INSTDIR\config\toolbarButtonGraphics\development\WebComponent16.gif"
	Delete "$INSTDIR\config\toolbarButtonGraphics\development\WarAdd24.gif"
	Delete "$INSTDIR\config\toolbarButtonGraphics\development\WarAdd16.gif"
	Delete "$INSTDIR\config\toolbarButtonGraphics\development\War24.gif"
	Delete "$INSTDIR\config\toolbarButtonGraphics\development\War16.gif"
	Delete "$INSTDIR\config\toolbarButtonGraphics\development\Server24.gif"
	Delete "$INSTDIR\config\toolbarButtonGraphics\development\Server16.gif"
	Delete "$INSTDIR\config\toolbarButtonGraphics\development\JarAdd24.gif"
	Delete "$INSTDIR\config\toolbarButtonGraphics\development\JarAdd16.gif"
	Delete "$INSTDIR\config\toolbarButtonGraphics\development\Jar24.gif"
	Delete "$INSTDIR\config\toolbarButtonGraphics\development\Jar16.gif"
	Delete "$INSTDIR\config\toolbarButtonGraphics\development\J2EEServer24.gif"
	Delete "$INSTDIR\config\toolbarButtonGraphics\development\J2EEServer16.gif"
	Delete "$INSTDIR\config\toolbarButtonGraphics\development\J2EEApplicationClientAdd24.gif"
	Delete "$INSTDIR\config\toolbarButtonGraphics\development\J2EEApplicationClientAdd16.gif"
	Delete "$INSTDIR\config\toolbarButtonGraphics\development\J2EEApplicationClient24.gif"
	Delete "$INSTDIR\config\toolbarButtonGraphics\development\J2EEApplicationClient16.gif"
	Delete "$INSTDIR\config\toolbarButtonGraphics\development\J2EEApplication24.gif"
	Delete "$INSTDIR\config\toolbarButtonGraphics\development\J2EEApplication16.gif"
	Delete "$INSTDIR\config\toolbarButtonGraphics\development\Host24.gif"
	Delete "$INSTDIR\config\toolbarButtonGraphics\development\Host16.gif"
	Delete "$INSTDIR\config\toolbarButtonGraphics\development\EnterpriseJavaBeanJar24.gif"
	Delete "$INSTDIR\config\toolbarButtonGraphics\development\EnterpriseJavaBeanJar16.gif"
	Delete "$INSTDIR\config\toolbarButtonGraphics\development\EnterpriseJavaBean24.gif"
	Delete "$INSTDIR\config\toolbarButtonGraphics\development\EnterpriseJavaBean16.gif"
	Delete "$INSTDIR\config\toolbarButtonGraphics\development\BeanAdd24.gif"
	Delete "$INSTDIR\config\toolbarButtonGraphics\development\BeanAdd16.gif"
	Delete "$INSTDIR\config\toolbarButtonGraphics\development\Bean24.gif"
	Delete "$INSTDIR\config\toolbarButtonGraphics\development\Bean16.gif"
	Delete "$INSTDIR\config\toolbarButtonGraphics\development\ApplicationDeploy24.gif"
	Delete "$INSTDIR\config\toolbarButtonGraphics\development\ApplicationDeploy16.gif"
	Delete "$INSTDIR\config\toolbarButtonGraphics\development\Application24.gif"
	Delete "$INSTDIR\config\toolbarButtonGraphics\development\Application16.gif"
	Delete "$INSTDIR\config\toolbarButtonGraphics\development\Applet24.gif"
	Delete "$INSTDIR\config\toolbarButtonGraphics\development\Applet16.gif"
	Delete "$INSTDIR\config\toolbarButtonGraphics\LICENSE"
	Delete "$INSTDIR\config\themes\default\images\welcome_original.png"
	Delete "$INSTDIR\config\themes\default\images\welcome_old.png"
	Delete "$INSTDIR\config\themes\default\images\welcome.png"
	Delete "$INSTDIR\config\themes\default\images\logo3.png"
	Delete "$INSTDIR\config\themes\default\images\logo2.png"
	Delete "$INSTDIR\config\themes\default\images\logo1.png"
	Delete "$INSTDIR\config\themes\default\icons\toolbar\zoomout_pressed.png"
	Delete "$INSTDIR\config\themes\default\icons\toolbar\zoomout_over.png"
	Delete "$INSTDIR\config\themes\default\icons\toolbar\zoomout.png"
	Delete "$INSTDIR\config\themes\default\icons\toolbar\zoomin_pressed.png"
	Delete "$INSTDIR\config\themes\default\icons\toolbar\zoomin_over.png"
	Delete "$INSTDIR\config\themes\default\icons\toolbar\zoomin.png"
	Delete "$INSTDIR\config\themes\default\icons\toolbar\save_pressed.png"
	Delete "$INSTDIR\config\themes\default\icons\toolbar\save_over.png"
	Delete "$INSTDIR\config\themes\default\icons\toolbar\save.png"
	Delete "$INSTDIR\config\themes\default\icons\toolbar\refresh_pressed.png"
	Delete "$INSTDIR\config\themes\default\icons\toolbar\refresh_over.png"
	Delete "$INSTDIR\config\themes\default\icons\toolbar\refresh.png"
	Delete "$INSTDIR\config\themes\default\icons\toolbar\open_pressed.png"
	Delete "$INSTDIR\config\themes\default\icons\toolbar\open_over.png"
	Delete "$INSTDIR\config\themes\default\icons\toolbar\open.png"
	Delete "$INSTDIR\config\themes\default\icons\toolbar\new_pressed.png"
	Delete "$INSTDIR\config\themes\default\icons\toolbar\new_over.png"
	Delete "$INSTDIR\config\themes\default\icons\toolbar\new.png"
	Delete "$INSTDIR\config\themes\default\icons\toolbar\load_pressed.png"
	Delete "$INSTDIR\config\themes\default\icons\toolbar\load_over.png"
	Delete "$INSTDIR\config\themes\default\icons\toolbar\load.png"
	Delete "$INSTDIR\config\themes\default\icons\toolbar\hand_pointer.png"
	Delete "$INSTDIR\config\themes\default\icons\toolbar\edit_pressed.png"
	Delete "$INSTDIR\config\themes\default\icons\toolbar\edit_over.png"
	Delete "$INSTDIR\config\themes\default\icons\toolbar\edit.png"
	Delete "$INSTDIR\config\themes\default\icons\toolbar\delete_pressed.png"
	Delete "$INSTDIR\config\themes\default\icons\toolbar\delete_over.png"
	Delete "$INSTDIR\config\themes\default\icons\toolbar\delete.png"
	Delete "$INSTDIR\config\themes\default\icons\toolbar\copy_pressed.png"
	Delete "$INSTDIR\config\themes\default\icons\toolbar\copy_over.png"
	Delete "$INSTDIR\config\themes\default\icons\toolbar\copy.png"
	Delete "$INSTDIR\config\themes\default\icons\toolbar\contentsdisplay_pressed.png"
	Delete "$INSTDIR\config\themes\default\icons\toolbar\contentsdisplay_over.png"
	Delete "$INSTDIR\config\themes\default\icons\toolbar\contentsdisplay.png"
	Delete "$INSTDIR\config\themes\default\icons\toolbar\center_pressed.png"
	Delete "$INSTDIR\config\themes\default\icons\toolbar\center_over.png"
	Delete "$INSTDIR\config\themes\default\icons\toolbar\center.png"
	Delete "$INSTDIR\config\themes\default\icons\toolbar\arrow_pointer.png"
	Delete "$INSTDIR\config\themes\default\icons\toolbar\anno_pointer.png"
	Delete "$INSTDIR\config\themes\default\icons\toolbar\add_pressed.png"
	Delete "$INSTDIR\config\themes\default\icons\toolbar\add_over.png"
	Delete "$INSTDIR\config\themes\default\icons\toolbar\add.png"
	Delete "$INSTDIR\config\themes\default\icons\toolbar\about_pressed.png"
	Delete "$INSTDIR\config\themes\default\icons\toolbar\about_over.png"
	Delete "$INSTDIR\config\themes\default\icons\toolbar\about.png"
	Delete "$INSTDIR\config\themes\default\icons\wizard.png"
	Delete "$INSTDIR\config\themes\default\icons\search_16x16.png"
	Delete "$INSTDIR\config\themes\default\icons\search_11x11.png"
	Delete "$INSTDIR\config\themes\default\icons\question.png"
	Delete "$INSTDIR\config\themes\default\icons\Properties16.gif"
	Delete "$INSTDIR\config\themes\default\icons\ondex16.png"
	Delete "$INSTDIR\config\themes\default\icons\error25.png"
	Delete "$INSTDIR\config\popupMenu\layout\layout Neighbours.xml"
	Delete "$INSTDIR\config\popupMenu\filter\get union of contrasts.xml"
	Delete "$INSTDIR\config\popupMenu\filter\get diff of contrasts.xml"
	Delete "$INSTDIR\config\popupMenu\filter\filter by expression (logFC).xml"
	Delete "$INSTDIR\config\popupMenu\filter\filter by expression (absFC).xml"
	Delete "$INSTDIR\config\popupMenu\annotation\similarity search.xml"
	Delete "$INSTDIR\config\popupMenu\annotation\search for publications (PubMed Central online).xml"
	Delete "$INSTDIR\config\popupMenu\annotation\load protein sequences from BioMart (ensembl fungi).xml"
	Delete "$INSTDIR\config\popupMenu\annotation\download full text and search for gene names (PubMed Central online).xml"
	Delete "$INSTDIR\config\popupMenu\annotation\do NCBI BLAST (ebi online).xml"
	Delete "$INSTDIR\config\popupMenu\annotation\do InterProScan (ebi online).xml"
	Delete "$INSTDIR\config\popupMenu\xml.js"
	Delete "$INSTDIR\config\popupMenu\workingGraph.js"
	Delete "$INSTDIR\config\popupMenu\toolbox.js"
	Delete "$INSTDIR\config\popupMenu\orthologous.js"
	Delete "$INSTDIR\config\popupMenu\monitor.js"
	Delete "$INSTDIR\config\popupMenu\ebi.js"
	Delete "$INSTDIR\config\icons\ondex64.png"
	Delete "$INSTDIR\config\icons\ondex48.png"
	Delete "$INSTDIR\config\icons\ondex32.png"
	Delete "$INSTDIR\config\icons\ondex16.png"
	Delete "$INSTDIR\config\icons\ondex128.png"
	Delete "$INSTDIR\config\icons\ondex_scalable.svg"
	Delete "$INSTDIR\config\icons\ondex.ico"
	Delete "$INSTDIR\config\help\english\javahelp\JavaHelpSearch\TMAP"
	Delete "$INSTDIR\config\help\english\javahelp\JavaHelpSearch\SCHEMA"
	Delete "$INSTDIR\config\help\english\javahelp\JavaHelpSearch\POSITIONS"
	Delete "$INSTDIR\config\help\english\javahelp\JavaHelpSearch\OFFSETS"
	Delete "$INSTDIR\config\help\english\javahelp\JavaHelpSearch\DOCS.TAB"
	Delete "$INSTDIR\config\help\english\javahelp\JavaHelpSearch\DOCS"
	Delete "$INSTDIR\config\help\english\javahelp\jhelptoc.xml"
	Delete "$INSTDIR\config\help\english\javahelp\jhelpset.hs"
	Delete "$INSTDIR\config\help\english\javahelp\jhelpmap.jhm"
	Delete "$INSTDIR\config\help\english\javahelp\jhelpidx.xml"
	Delete "$INSTDIR\config\help\english\javahelp\help.html"
	Delete "$INSTDIR\config\help\english\javahelp\ch03s19.html"
	Delete "$INSTDIR\config\help\english\javahelp\ch03s18.html"
	Delete "$INSTDIR\config\help\english\javahelp\ch03s17.html"
	Delete "$INSTDIR\config\help\english\javahelp\ch03s16.html"
	Delete "$INSTDIR\config\help\english\javahelp\ch03s15.html"
	Delete "$INSTDIR\config\help\english\javahelp\ch03s14.html"
	Delete "$INSTDIR\config\help\english\javahelp\ch03s13.html"
	Delete "$INSTDIR\config\help\english\javahelp\ch03s12.html"
	Delete "$INSTDIR\config\help\english\javahelp\ch03s11.html"
	Delete "$INSTDIR\config\help\english\javahelp\ch03s10.html"
	Delete "$INSTDIR\config\help\english\javahelp\ch03s09.html"
	Delete "$INSTDIR\config\help\english\javahelp\ch03s08.html"
	Delete "$INSTDIR\config\help\english\javahelp\ch03s07.html"
	Delete "$INSTDIR\config\help\english\javahelp\ch03s06.html"
	Delete "$INSTDIR\config\help\english\javahelp\ch03s05.html"
	Delete "$INSTDIR\config\help\english\javahelp\ch03s04.html"
	Delete "$INSTDIR\config\help\english\javahelp\ch03s03.html"
	Delete "$INSTDIR\config\help\english\javahelp\ch03s02.html"
	Delete "$INSTDIR\config\help\english\javahelp\ch03.html"
	Delete "$INSTDIR\config\help\english\javahelp\ch02s20.html"
	Delete "$INSTDIR\config\help\english\javahelp\ch02s19.html"
	Delete "$INSTDIR\config\help\english\javahelp\ch02s18.html"
	Delete "$INSTDIR\config\help\english\javahelp\ch02s17.html"
	Delete "$INSTDIR\config\help\english\javahelp\ch02s16.html"
	Delete "$INSTDIR\config\help\english\javahelp\ch02s15.html"
	Delete "$INSTDIR\config\help\english\javahelp\ch02s14.html"
	Delete "$INSTDIR\config\help\english\javahelp\ch02s13.html"
	Delete "$INSTDIR\config\help\english\javahelp\ch02s12.html"
	Delete "$INSTDIR\config\help\english\javahelp\ch02s11.html"
	Delete "$INSTDIR\config\help\english\javahelp\ch02s10.html"
	Delete "$INSTDIR\config\help\english\javahelp\ch02s09.html"
	Delete "$INSTDIR\config\help\english\javahelp\ch02s08.html"
	Delete "$INSTDIR\config\help\english\javahelp\ch02s07.html"
	Delete "$INSTDIR\config\help\english\javahelp\ch02s06.html"
	Delete "$INSTDIR\config\help\english\javahelp\ch02s05.html"
	Delete "$INSTDIR\config\help\english\javahelp\ch02s04.html"
	Delete "$INSTDIR\config\help\english\javahelp\ch02s03.html"
	Delete "$INSTDIR\config\help\english\javahelp\ch02s02.html"
	Delete "$INSTDIR\config\help\english\javahelp\ch02.html"
	Delete "$INSTDIR\config\help\english\javahelp\ch01s16.html"
	Delete "$INSTDIR\config\help\english\javahelp\ch01s15.html"
	Delete "$INSTDIR\config\help\english\javahelp\ch01s14.html"
	Delete "$INSTDIR\config\help\english\javahelp\ch01s13.html"
	Delete "$INSTDIR\config\help\english\javahelp\ch01s12.html"
	Delete "$INSTDIR\config\help\english\javahelp\ch01s11.html"
	Delete "$INSTDIR\config\help\english\javahelp\ch01s10.html"
	Delete "$INSTDIR\config\help\english\javahelp\ch01s09.html"
	Delete "$INSTDIR\config\help\english\javahelp\ch01s08.html"
	Delete "$INSTDIR\config\help\english\javahelp\ch01s07.html"
	Delete "$INSTDIR\config\help\english\javahelp\ch01s06.html"
	Delete "$INSTDIR\config\help\english\javahelp\ch01s05.html"
	Delete "$INSTDIR\config\help\english\javahelp\ch01s04.html"
	Delete "$INSTDIR\config\help\english\javahelp\ch01s03.html"
	Delete "$INSTDIR\config\help\english\javahelp\ch01s02.html"
	Delete "$INSTDIR\config\help\english\javahelp\ch01.html"
	Delete "$INSTDIR\config\help\english\images\Scaled\view_relation_label2.png"
	Delete "$INSTDIR\config\help\english\images\Scaled\view_concept_label2.png"
	Delete "$INSTDIR\config\help\english\images\Scaled\view_concept_label1.png"
	Delete "$INSTDIR\config\help\english\images\Scaled\view_aliased2.png"
	Delete "$INSTDIR\config\help\english\images\Scaled\view_aliased1.png"
	Delete "$INSTDIR\config\help\english\images\Scaled\network_synchronise1.png"
	Delete "$INSTDIR\config\help\english\images\Scaled\network_stat5.png"
	Delete "$INSTDIR\config\help\english\images\Scaled\network_stat4.png"
	Delete "$INSTDIR\config\help\english\images\Scaled\network_stat3.png"
	Delete "$INSTDIR\config\help\english\images\Scaled\network_stat2.png"
	Delete "$INSTDIR\config\help\english\images\Scaled\network_stat1.png"
	Delete "$INSTDIR\config\help\english\images\Scaled\network_satview3.png"
	Delete "$INSTDIR\config\help\english\images\Scaled\network_satview2.png"
	Delete "$INSTDIR\config\help\english\images\Scaled\network_satview1.png"
	Delete "$INSTDIR\config\help\english\images\Scaled\network_relationlist1.png"
	Delete "$INSTDIR\config\help\english\images\Scaled\network_metagraph3.png"
	Delete "$INSTDIR\config\help\english\images\Scaled\network_metagraph2.png"
	Delete "$INSTDIR\config\help\english\images\Scaled\network_metagraph1.png"
	Delete "$INSTDIR\config\help\english\images\Scaled\network_iteminfo1.png"
	Delete "$INSTDIR\config\help\english\images\Scaled\network_conceptlist2.png"
	Delete "$INSTDIR\config\help\english\images\Scaled\network_conceptlist1.png"
	Delete "$INSTDIR\config\help\english\images\Scaled\config_metadata4.png"
	Delete "$INSTDIR\config\help\english\images\Scaled\config_metadata3.png"
	Delete "$INSTDIR\config\help\english\images\Scaled\config_metadata2.png"
	Delete "$INSTDIR\config\help\english\images\Scaled\config_metadata1.png"
	Delete "$INSTDIR\config\help\english\images\layout\options.png"
	Delete "$INSTDIR\config\help\english\images\layout\layout_tree.png"
	Delete "$INSTDIR\config\help\english\images\layout\layout_sugiyama2.png"
	Delete "$INSTDIR\config\help\english\images\layout\layout_sugiyama1.png"
	Delete "$INSTDIR\config\help\english\images\layout\layout_relationType3.png"
	Delete "$INSTDIR\config\help\english\images\layout\layout_relationType2.png"
	Delete "$INSTDIR\config\help\english\images\layout\layout_relationType1.png"
	Delete "$INSTDIR\config\help\english\images\layout\layout_radialTree.png"
	Delete "$INSTDIR\config\help\english\images\layout\layout_linLog.png"
	Delete "$INSTDIR\config\help\english\images\layout\layout_kamadaKawai.png"
	Delete "$INSTDIR\config\help\english\images\layout\layout_hierarchical.png"
	Delete "$INSTDIR\config\help\english\images\layout\layout_genomics.png"
	Delete "$INSTDIR\config\help\english\images\layout\layout_GEM4.png"
	Delete "$INSTDIR\config\help\english\images\layout\layout_GEM3.png"
	Delete "$INSTDIR\config\help\english\images\layout\layout_GEM2.png"
	Delete "$INSTDIR\config\help\english\images\layout\layout_GEM1.png"
	Delete "$INSTDIR\config\help\english\images\layout\layout_forceDirected.png"
	Delete "$INSTDIR\config\help\english\images\layout\layout_flip2.png"
	Delete "$INSTDIR\config\help\english\images\layout\layout_flip1.png"
	Delete "$INSTDIR\config\help\english\images\layout\layout_connectivity.png"
	Delete "$INSTDIR\config\help\english\images\layout\layout_circular.png"
	Delete "$INSTDIR\config\help\english\images\filter\filter_unconnected2.png"
	Delete "$INSTDIR\config\help\english\images\filter\filter_unconnected1.png"
	Delete "$INSTDIR\config\help\english\images\filter\filter_threshold2.png"
	Delete "$INSTDIR\config\help\english\images\filter\filter_threshold1.png"
	Delete "$INSTDIR\config\help\english\images\filter\filter_tag5.png"
	Delete "$INSTDIR\config\help\english\images\filter\filter_tag4.png"
	Delete "$INSTDIR\config\help\english\images\filter\filter_tag3.png"
	Delete "$INSTDIR\config\help\english\images\filter\filter_tag2.png"
	Delete "$INSTDIR\config\help\english\images\filter\filter_tag1.png"
	Delete "$INSTDIR\config\help\english\images\filter\filter_subgraph4.png"
	Delete "$INSTDIR\config\help\english\images\filter\filter_subgraph3.png"
	Delete "$INSTDIR\config\help\english\images\filter\filter_subgraph2.png"
	Delete "$INSTDIR\config\help\english\images\filter\filter_subgraph1.png"
	Delete "$INSTDIR\config\help\english\images\filter\filter_singleShortest2.png"
	Delete "$INSTDIR\config\help\english\images\filter\filter_singleShortest1.png"
	Delete "$INSTDIR\config\help\english\images\filter\filter_shortestPath3.png"
	Delete "$INSTDIR\config\help\english\images\filter\filter_shortestPath2.png"
	Delete "$INSTDIR\config\help\english\images\filter\filter_shortestPath1.png"
	Delete "$INSTDIR\config\help\english\images\filter\filter_scatterPlot2.png"
	Delete "$INSTDIR\config\help\english\images\filter\filter_scatterPlot1.png"
	Delete "$INSTDIR\config\help\english\images\filter\filter_relationType2.png"
	Delete "$INSTDIR\config\help\english\images\filter\filter_relationType1.png"
	Delete "$INSTDIR\config\help\english\images\filter\filter_neighbourhood2.png"
	Delete "$INSTDIR\config\help\english\images\filter\filter_neighbourhood1.png"
	Delete "$INSTDIR\config\help\english\images\filter\filter_missingType2.png"
	Delete "$INSTDIR\config\help\english\images\filter\filter_missingType1.png"
	Delete "$INSTDIR\config\help\english\images\filter\filter_genomic2.png"
	Delete "$INSTDIR\config\help\english\images\filter\filter_genomic1.png"
	Delete "$INSTDIR\config\help\english\images\filter\filter_evidenceType2.png"
	Delete "$INSTDIR\config\help\english\images\filter\filter_evidenceType1.png"
	Delete "$INSTDIR\config\help\english\images\filter\filter_degree2.png"
	Delete "$INSTDIR\config\help\english\images\filter\filter_degree1.png"
	Delete "$INSTDIR\config\help\english\images\filter\filter_defluff2.png"
	Delete "$INSTDIR\config\help\english\images\filter\filter_defluff1.png"
	Delete "$INSTDIR\config\help\english\images\filter\filter_dataSource2.png"
	Delete "$INSTDIR\config\help\english\images\filter\filter_dataSource1.png"
	Delete "$INSTDIR\config\help\english\images\filter\filter_conceptClass2.png"
	Delete "$INSTDIR\config\help\english\images\filter\filter_conceptClass1.png"
	Delete "$INSTDIR\config\help\english\images\filter\filter_attrValue2.png"
	Delete "$INSTDIR\config\help\english\images\filter\filter_attrValue1.png"
	Delete "$INSTDIR\config\help\english\images\filter\filter_allPairs2.png"
	Delete "$INSTDIR\config\help\english\images\filter\filter_allPairs1.png"
	Delete "$INSTDIR\config\help\english\images\annotator\annotator_wra4.png"
	Delete "$INSTDIR\config\help\english\images\annotator\annotator_wra3.png"
	Delete "$INSTDIR\config\help\english\images\annotator\annotator_wra2.png"
	Delete "$INSTDIR\config\help\english\images\annotator\annotator_wra1.png"
	Delete "$INSTDIR\config\help\english\images\annotator\annotator_virtualKo3.png"
	Delete "$INSTDIR\config\help\english\images\annotator\annotator_virtualKo2.png"
	Delete "$INSTDIR\config\help\english\images\annotator\annotator_virtualKo1.png"
	Delete "$INSTDIR\config\help\english\images\annotator\annotator_valueGraph4.png"
	Delete "$INSTDIR\config\help\english\images\annotator\annotator_valueGraph3.png"
	Delete "$INSTDIR\config\help\english\images\annotator\annotator_valueGraph2.png"
	Delete "$INSTDIR\config\help\english\images\annotator\annotator_valueGraph1.png"
	Delete "$INSTDIR\config\help\english\images\annotator\annotator_tagIntersect2.png"
	Delete "$INSTDIR\config\help\english\images\annotator\annotator_tagIntersect1.png"
	Delete "$INSTDIR\config\help\english\images\annotator\annotator_specificity1.png"
	Delete "$INSTDIR\config\help\english\images\annotator\annotator_shape4.png"
	Delete "$INSTDIR\config\help\english\images\annotator\annotator_shape3.png"
	Delete "$INSTDIR\config\help\english\images\annotator\annotator_shape2.png"
	Delete "$INSTDIR\config\help\english\images\annotator\annotator_shape1.png"
	Delete "$INSTDIR\config\help\english\images\annotator\annotator_scaleCon2.png"
	Delete "$INSTDIR\config\help\english\images\annotator\annotator_scaleCon1.png"
	Delete "$INSTDIR\config\help\english\images\annotator\annotator_scaleColRel2.png"
	Delete "$INSTDIR\config\help\english\images\annotator\annotator_scaleColRel1.png"
	Delete "$INSTDIR\config\help\english\images\annotator\annotator_scaleColCon2.png"
	Delete "$INSTDIR\config\help\english\images\annotator\annotator_scaleColCon1.png"
	Delete "$INSTDIR\config\help\english\images\annotator\annotator_scaleByType2.png"
	Delete "$INSTDIR\config\help\english\images\annotator\annotator_scaleByType1.png"
	Delete "$INSTDIR\config\help\english\images\annotator\annotator_relBtwClust2.png"
	Delete "$INSTDIR\config\help\english\images\annotator\annotator_relBtwClust1.png"
	Delete "$INSTDIR\config\help\english\images\annotator\annotator_graphAlgo3.png"
	Delete "$INSTDIR\config\help\english\images\annotator\annotator_graphAlgo2.png"
	Delete "$INSTDIR\config\help\english\images\annotator\annotator_graphAlgo1.png"
	Delete "$INSTDIR\config\help\english\images\annotator\annotator_degree2.png"
	Delete "$INSTDIR\config\help\english\images\annotator\annotator_degree1.png"
	Delete "$INSTDIR\config\help\english\images\annotator\annotator_colourSeries7.png"
	Delete "$INSTDIR\config\help\english\images\annotator\annotator_colourSeries6.png"
	Delete "$INSTDIR\config\help\english\images\annotator\annotator_colourSeries5.png"
	Delete "$INSTDIR\config\help\english\images\annotator\annotator_colourSeries4.png"
	Delete "$INSTDIR\config\help\english\images\annotator\annotator_colourSeries3.png"
	Delete "$INSTDIR\config\help\english\images\annotator\annotator_colourSeries2.png"
	Delete "$INSTDIR\config\help\english\images\annotator\annotator_colourSeries1.png"
	Delete "$INSTDIR\config\help\english\images\annotator\annotator_colourByValPick.png"
	Delete "$INSTDIR\config\help\english\images\annotator\annotator_colourByVal3.png"
	Delete "$INSTDIR\config\help\english\images\annotator\annotator_colourByVal2.png"
	Delete "$INSTDIR\config\help\english\images\annotator\annotator_colourByVal1.png"
	Delete "$INSTDIR\config\help\english\images\annotator\annotator_cluster_compl3.png"
	Delete "$INSTDIR\config\help\english\images\annotator\annotator_cluster_compl2.png"
	Delete "$INSTDIR\config\help\english\images\annotator\annotator_cluster_compl1.png"
	Delete "$INSTDIR\config\help\english\images\annotator\annotator_chemical1.png"
	Delete "$INSTDIR\config\help\english\images\annotator\annotator_btwnc5.png"
	Delete "$INSTDIR\config\help\english\images\annotator\annotator_btwnc4.png"
	Delete "$INSTDIR\config\help\english\images\annotator\annotator_btwnc3.png"
	Delete "$INSTDIR\config\help\english\images\annotator\annotator_btwnc2.png"
	Delete "$INSTDIR\config\help\english\images\annotator\annotator_btwnc1.png"
	Delete "$INSTDIR\config\help\english\images\annotator\annotator_bd2.png"
	Delete "$INSTDIR\config\help\english\images\annotator\annotator_bd1.png"
	Delete "$INSTDIR\config\help\english\images\open.png"
	Delete "$INSTDIR\config\help\english\images\new.png"
	Delete "$INSTDIR\config\help\english\images\help.png"
	Delete "$INSTDIR\config\help\english\images\continue.png"
	Delete "$INSTDIR\config\help\english\welcome.html"
	Delete "$INSTDIR\config\examples\TimepointDataEC.txt"
	Delete "$INSTDIR\config\examples\testStronglyconnected.xml"
	Delete "$INSTDIR\config\examples\testPopupMenuGraph.oxl"
	Delete "$INSTDIR\config\examples\testMinimalequivalent.xml"
	Delete "$INSTDIR\config\examples\testGraph3.xml"
	Delete "$INSTDIR\config\examples\testGraph2.xml"
	Delete "$INSTDIR\config\examples\testGraph.xml"
	Delete "$INSTDIR\config\examples\testCutnodes.xml"
	Delete "$INSTDIR\config\examples\testConnectedcomponents.xml"
	Delete "$INSTDIR\config\examples\testAllcliques.xml"
	Delete "$INSTDIR\config\examples\biogridSmall.txt"
	Delete "$INSTDIR\config\visual.xml"
	Delete "$INSTDIR\config\sparql.ini"
	Delete "$INSTDIR\config\SemanticMotifs.txt"
	Delete "$INSTDIR\config\runme.sh"
	Delete "$INSTDIR\config\runme.bat"
	Delete "$INSTDIR\config\README.txt"
	Delete "$INSTDIR\config\properties.dtd"
	Delete "$INSTDIR\config\ovtk2.l4j.ini"
	Delete "$INSTDIR\config\log4j.properties"
	Delete "$INSTDIR\config\iw_config.xml"
	Delete "$INSTDIR\config\english.xml"
	Delete "$INSTDIR\config\config.xml"
	Delete "$INSTDIR\uninstall.log"
	Delete "$INSTDIR\Uninstall.exe"
	Delete "$INSTDIR\runme.sh"
	Delete "$INSTDIR\runme.bat"
	Delete "$INSTDIR\README.txt"
	Delete "$INSTDIR\ovtk2.l4j.ini"
	Delete "$INSTDIR\ovtk2.exe"
	Delete "$INSTDIR\lgpl.txt"
	Delete "$INSTDIR\ondex.log"
	Delete "$INSTDIR\Scripting_ref.htm"
	RMDir "$INSTDIR\data\xml\workflow-examples"
	RMDir "$INSTDIR\data\xml\export"
	RMDir "$INSTDIR\data\importdata\wordnet"
	RMDir "$INSTDIR\data\importdata\uniprot"
	RMDir "$INSTDIR\data\importdata\ubiquitous"
	RMDir "$INSTDIR\data\importdata\tf"
	RMDir "$INSTDIR\data\importdata\taxonomy"
	RMDir "$INSTDIR\data\importdata\sbml"
	RMDir "$INSTDIR\data\importdata\psimi"
	RMDir "$INSTDIR\data\importdata\pfam"
	RMDir "$INSTDIR\data\importdata\pdb"
	RMDir "$INSTDIR\data\importdata\oxl"
	RMDir "$INSTDIR\data\importdata\htmlaccessionlink"
	RMDir "$INSTDIR\data\importdata\go"
	RMDir "$INSTDIR\data\importdata\fasta"
	RMDir "$INSTDIR\data\importdata\ec"
	RMDir "$INSTDIR\data\importdata\cvregex"
	RMDir "$INSTDIR\data\importdata\brenda"
	RMDir "$INSTDIR\data\importdata\biogrid"
	RMDir "$INSTDIR\data\importdata\biocyc"
	RMDir "$INSTDIR\data\decypher\templates"
	RMDir "$INSTDIR\data\query_sets\default"
	RMDir "$INSTDIR\data\query_sets"
	RMDir "$INSTDIR\data\xml"
	RMDir "$INSTDIR\data\importdata"
	RMDir "$INSTDIR\data\decypher"
	RMDir "$INSTDIR\data\dbs"
	RMDir "$INSTDIR\data\blast"
	RMDir "$INSTDIR\config\tutorial\english"
	RMDir "$INSTDIR\config\toolbarButtonGraphics\text"
	RMDir "$INSTDIR\config\toolbarButtonGraphics\taverna"
	RMDir "$INSTDIR\config\toolbarButtonGraphics\table"
	RMDir "$INSTDIR\config\toolbarButtonGraphics\stats"
	RMDir "$INSTDIR\config\toolbarButtonGraphics\navigation"
	RMDir "$INSTDIR\config\toolbarButtonGraphics\media"
	RMDir "$INSTDIR\config\toolbarButtonGraphics\general"
	RMDir "$INSTDIR\config\toolbarButtonGraphics\development"
	RMDir "$INSTDIR\config\themes\default\icons\toolbar"
	RMDir "$INSTDIR\config\themes\default\images"
	RMDir "$INSTDIR\config\themes\default\icons"
	RMDir "$INSTDIR\config\themes\default"
	RMDir "$INSTDIR\config\popupMenu\layout"
	RMDir "$INSTDIR\config\popupMenu\filter"
	RMDir "$INSTDIR\config\popupMenu\annotation"
	RMDir "$INSTDIR\config\help\english\javahelp\JavaHelpSearch"
	RMDir "$INSTDIR\config\help\english\images\Scaled"
	RMDir "$INSTDIR\config\help\english\images\layout"
	RMDir "$INSTDIR\config\help\english\images\filter"
	RMDir "$INSTDIR\config\help\english\images\annotator"
	RMDir "$INSTDIR\config\help\english\javahelp"
	RMDir "$INSTDIR\config\help\english\images"
	RMDir "$INSTDIR\config\help\english"
	RMDir "$INSTDIR\config\tutorial"
	RMDir "$INSTDIR\config\toolbarButtonGraphics"
	RMDir "$INSTDIR\config\themes"
	RMDir "$INSTDIR\config\popupMenu"
	RMDir "$INSTDIR\config\icons"
	RMDir "$INSTDIR\config\help"
	RMDir "$INSTDIR\config\examples"
	RMDir "$INSTDIR\plugins"
	RMDir "$INSTDIR\lib"
	RMDir "$INSTDIR\data"
	RMDir "$INSTDIR\config"
